2024-04-20 19:13:57,241 [Worker-5: Loading available Gradle versions] INFO  o.e.b.c.i.u.g.PublishedGradleVersions - Gradle version information cache is up-to-date. Trying to read.
2024-04-20 19:18:00,769 [Worker-22: Importing Maven projects] INFO  o.e.m.c.i.l.LifecycleMappingFactory - Using org.eclipse.m2e.jdt.JarLifecycleMapping lifecycle mapping for MavenProject: GIN:TestNg:0.0.1-SNAPSHOT @ C:\Users\sacon\Dropbox\PC\Downloads\TestNG-Reference-TestNG\TestNG-Reference-TestNG\GIN\pom.xml.
2024-04-20 19:18:01,681 [Worker-22: Importing Maven projects] INFO  o.e.m.c.i.e.AbstractTransferListenerAdapter - Downloading https://repo.maven.apache.org/maven2/io/cucumber/messages/maven-metadata.xml
2024-04-20 19:18:01,696 [Worker-22: Importing Maven projects] INFO  o.e.m.c.i.e.AbstractTransferListenerAdapter - Downloaded https://repo.maven.apache.org/maven2/io/cucumber/messages/maven-metadata.xml
2024-04-20 19:18:02,072 [Worker-22: Importing Maven projects] INFO  o.e.m.c.i.l.LifecycleMappingFactory - Using org.eclipse.m2e.jdt.JarLifecycleMapping lifecycle mapping for MavenProject: mavenProject:TestNG-Maven:0.0.1-SNAPSHOT @ C:\Users\sacon\Dropbox\PC\Downloads\TestNG-Reference-TestNG\TestNG-Reference-TestNG\TestNG-Maven\pom.xml.
2024-04-20 19:18:04,458 [Worker-22: Importing Maven projects] INFO  o.e.m.j.i.AbstractJavaProjectConfigurator - Adding source folder /TestNG-Maven/src/main/java
2024-04-20 19:18:04,461 [Worker-22: Importing Maven projects] INFO  o.e.m.j.i.AbstractJavaProjectConfigurator - Adding resource folder /TestNG-Maven/src/main/resources
2024-04-20 19:18:04,464 [Worker-22: Importing Maven projects] INFO  o.e.m.j.i.AbstractJavaProjectConfigurator - Adding source folder /TestNG-Maven/src/test/java
2024-04-20 19:18:04,466 [Worker-22: Importing Maven projects] INFO  o.e.m.j.i.AbstractJavaProjectConfigurator - Adding resource folder /TestNG-Maven/src/test/resources
2024-04-20 19:18:04,786 [Worker-22: Importing Maven projects] INFO  o.e.m.j.i.AbstractJavaProjectConfigurator - Adding source folder /TestNg/src/main/java
2024-04-20 19:18:04,788 [Worker-22: Importing Maven projects] INFO  o.e.m.j.i.AbstractJavaProjectConfigurator - Adding resource folder /TestNg/src/main/resources
2024-04-20 19:18:04,789 [Worker-22: Importing Maven projects] INFO  o.e.m.j.i.AbstractJavaProjectConfigurator - Adding source folder /TestNg/src/test/java
2024-04-20 19:18:04,790 [Worker-22: Importing Maven projects] INFO  o.e.m.j.i.AbstractJavaProjectConfigurator - Adding resource folder /TestNg/src/test/resources
2024-04-20 19:18:04,954 [Worker-22: Importing Maven projects] INFO  o.e.m.c.i.p.ProjectConfigurationManager - Imported and configured 2 project(s) in 5 sec
2024-04-20 19:18:05,273 [Worker-15: Updating Maven Project] INFO  o.e.m.c.i.p.ProjectConfigurationManager - Update started
2024-04-20 19:18:05,377 [Worker-15: Updating Maven Project] INFO  o.e.m.c.i.l.LifecycleMappingFactory - Using org.eclipse.m2e.jdt.JarLifecycleMapping lifecycle mapping for MavenProject: GIN:TestNg:0.0.1-SNAPSHOT @ C:\Users\sacon\Dropbox\PC\Downloads\TestNG-Reference-TestNG\TestNG-Reference-TestNG\GIN\pom.xml.
2024-04-20 19:18:06,095 [Worker-15: Updating Maven Project] INFO  o.e.m.j.i.AbstractJavaProjectConfigurator - Adding source folder /TestNg/src/main/java
2024-04-20 19:18:06,097 [Worker-15: Updating Maven Project] INFO  o.e.m.j.i.AbstractJavaProjectConfigurator - Adding resource folder /TestNg/src/main/resources
2024-04-20 19:18:06,098 [Worker-15: Updating Maven Project] INFO  o.e.m.j.i.AbstractJavaProjectConfigurator - Adding source folder /TestNg/src/test/java
2024-04-20 19:18:06,099 [Worker-15: Updating Maven Project] INFO  o.e.m.j.i.AbstractJavaProjectConfigurator - Adding resource folder /TestNg/src/test/resources
2024-04-20 19:18:06,340 [Worker-15: Updating Maven Project] INFO  o.e.m.c.i.p.ProjectConfigurationManager - Update completed for 1 poms: local refresh takes 0.00 sec, refresh facades takes 0.00 sec, update config takes 0.00 sec 
2024-04-20 19:18:07,014 [Worker-15: Building] INFO  o.a.m.s.f.DefaultMavenResourcesFiltering - skip non existing resourceDirectory C:\Users\sacon\Dropbox\PC\Downloads\TestNG-Reference-TestNG\TestNG-Reference-TestNG\TestNG-Maven\src\main\resources
2024-04-20 19:18:07,019 [Worker-15: Building] INFO  o.a.m.s.f.DefaultMavenResourcesFiltering - skip non existing resourceDirectory C:\Users\sacon\Dropbox\PC\Downloads\TestNG-Reference-TestNG\TestNG-Reference-TestNG\TestNG-Maven\src\test\resources
2024-04-20 19:18:07,566 [Worker-15: Building] INFO  o.a.m.s.f.DefaultMavenResourcesFiltering - skip non existing resourceDirectory C:\Users\sacon\Dropbox\PC\Downloads\TestNG-Reference-TestNG\TestNG-Reference-TestNG\GIN\src\main\resources
2024-04-20 19:18:07,569 [Worker-15: Building] INFO  o.a.m.s.f.DefaultMavenResourcesFiltering - skip non existing resourceDirectory C:\Users\sacon\Dropbox\PC\Downloads\TestNG-Reference-TestNG\TestNG-Reference-TestNG\GIN\src\test\resources
